make all --print-data-base --no-builtin-variables --no-builtin-rules --question
# GNU Make 3.81
# Copyright (C) 2006  Free Software Foundation, Inc.
# This is free software; see the source for copying conditions.
# There is NO warranty; not even for MERCHANTABILITY or FITNESS FOR A
# PARTICULAR PURPOSE.

# This program built for i386-apple-darwin11.3.0
 

# Make data base, printed on Thu Feb 10 12:46:00 2022

# Variables

 
# automatic
<D = $(patsubst %/,%,$(dir $<))
# automatic
?F = $(notdir $?)
# environment
VSCODE_LOG_NATIVE = false
# automatic
?D = $(patsubst %/,%,$(dir $?))
# automatic
@D = $(patsubst %/,%,$(dir $@))
# automatic
@F = $(notdir $@)
# makefile
CURDIR := /Users/arushishukla/Documents/devtron
# makefile
SHELL = /bin/sh
# environment
VSCODE_NLS_CONFIG = {"locale":"en-gb","availableLanguages":{},"_languagePackSupport":true}
# environment
_ = /usr/bin/make
# makefile (from `Makefile', line 14)
GIT_COMMIT = $(shell sh -c 'git log --pretty=format:'%h' -n 1')
# makefile (from `scripts/dev-conf/envfile.env', line 1)
MAKEFILE_LIST :=  Makefile scripts/dev-conf/envfile.env
# environment
VSCODE_AMD_ENTRYPOINT = vs/workbench/services/extensions/node/extensionHostProcess
# environment
VSCODE_VERBOSE_LOGGING = true
# environment
__CFBundleIdentifier = com.microsoft.VSCode
# environment
INFOPATH = /opt/homebrew/share/info:
# environment
VSCODE_IPC_HOOK_EXTHOST = /var/folders/f6/kkjzsn914n5f5p7x9zqd_gx40000gn/T/vscode-ipc-b77f14ba-cb6b-4142-adc1-67c1d4471542.sock
# environment
VSCODE_CWD = /
# environment
GOPROXY = https://proxy.golang.org,direct
# environment
PATH = /opt/homebrew/bin:/opt/homebrew/sbin:/usr/local/bin:/usr/bin:/bin:/usr/sbin:/sbin:/usr/local/go/bin
# makefile (from `Makefile', line 13)
ENV_FILE = scripts/dev-conf/envfile.env
# makefile (from `Makefile', line 10)
BASEIMAGE = alpine:3.9
# environment
GOPATH = /Users/arushishukla/go
# environment
LaunchInstanceID = 7079234A-47A0-4FDF-849F-DFDAEE9F506B
# environment
VSCODE_LOG_STACK = false
# environment
ELECTRON_RUN_AS_NODE = 1
# makefile (from `scripts/dev-conf/envfile.env', line 1)
1KUBECONFIG = scripts/dev-conf/kube-config
# default
.FEATURES := target-specific order-only second-expansion else-if archives jobserver check-symlink
# makefile (from `Makefile', line 5)
TAG = $(shell bash -c 'git log --pretty=format:'%h' -n 1')
# environment
SSH_AUTH_SOCK = /private/tmp/com.apple.launchd.nGeCO0j3Wc/Listeners
# automatic
%F = $(notdir $%)
# environment
VSCODE_PIPE_LOGGING = true
# environment
PWD = /Users/arushishukla/Documents/devtron
# makefile (from `scripts/dev-conf/envfile.env', line 3)
MODE = DEV
# environment
HOMEBREW_CELLAR = /opt/homebrew/Cellar
# environment
ORIGINAL_XDG_CURRENT_DESKTOP = undefined
# environment
MANPATH = /opt/homebrew/share/man::
# environment
GOMODCACHE = /Users/arushishukla/go/pkg/mod
# environment
HOME = /Users/arushishukla
# default
MAKEFILEPATH = $(shell /usr/bin/xcode-select -print-path 2>/dev/null || echo /Developer)/Makefiles
# makefile (from `Makefile', line 17)
SERVER_MODE_EA_ONLY = EA_ONLY
# environment
VSCODE_CODE_CACHE_PATH = /Users/arushishukla/Library/Application Support/Code/CachedData/899d46d82c4c95423fb7e10e68eba52050e30ba3
# environment
LOGNAME = arushishukla
# makefile (from `Makefile', line 16)
SERVER_MODE_FULL = FULL
# environment
APPLICATION_INSIGHTS_NO_DIAGNOSTIC_CHANNEL = true
# environment
VSCODE_HANDLES_UNCAUGHT_ERRORS = true
# automatic
^D = $(patsubst %/,%,$(dir $^))
# environment
XPC_FLAGS = 0x0
# default
MAKE = $(MAKE_COMMAND)
# default
MAKECMDGOALS := all
# environment
SHLVL = 1
# default
MAKE_VERSION := 3.81
# environment
USER = arushishukla
# makefile
.DEFAULT_GOAL := all
# automatic
%D = $(patsubst %/,%,$(dir $%))
# default
MAKE_COMMAND := /Library/Developer/CommandLineTools/usr/bin/make
# makefile (from `scripts/dev-conf/envfile.env', line 2)
CD_ENVIRONMENT = local
# default
.VARIABLES := 
# environment
TMPDIR = /var/folders/f6/kkjzsn914n5f5p7x9zqd_gx40000gn/T/
# automatic
*F = $(notdir $*)
# makefile (from `Makefile', line 8)
GOOS = darwin
# environment
VSCODE_IPC_HOOK = /Users/arushishukla/Library/Application Support/Code/1.63.2-main.sock
# makefile (from `Makefile', line 15)
BUILD_TIME = $(shell sh -c 'date -u '+%Y-%m-%dT%H:%M:%SZ'')
# makefile
MAKEFLAGS = Rrqp
# environment
MFLAGS = -Rrqp
# automatic
*D = $(patsubst %/,%,$(dir $*))
# environment
XPC_SERVICE_NAME = application.com.microsoft.VSCode.3695860.3695866
# environment
HOMEBREW_PREFIX = /opt/homebrew
# automatic
+D = $(patsubst %/,%,$(dir $+))
# makefile (from `Makefile', line 7)
ENVVAR = 
# automatic
+F = $(notdir $+)
# environment
HOMEBREW_REPOSITORY = /opt/homebrew
# environment
__CF_USER_TEXT_ENCODING = 0x1F5:0x0:0x0
# environment
COMMAND_MODE = unix2003
# default
MAKEFILES := 
# automatic
<F = $(notdir $<)
# environment
LC_ALL = C
# environment
SECURITYSESSIONID = 186a5
# automatic
^F = $(notdir $^)
# makefile (from `Makefile', line 12)
BUILD_NUMBER := 20220210-124600
# default
SUFFIXES := 
# makefile (from `Makefile', line 6)
FLAGS = 
# environment
MAKELEVEL := 0
# environment
LANG = C
# makefile (from `Makefile', line 9)
REGISTRY = 686244538589.dkr.ecr.us-east-2.amazonaws.com
# environment
VSCODE_PID = 413
# variable set hash-table stats:
# Load=86/1024=8%, Rehash=0, Collisions=3/121=2%

# Pattern-specific Variable Values

# No pattern-specific variable values.

# Directories

# . (device 16777234, inode 4928195): 47 files, no impossibilities.

# 47 files, no impossibilities in 1 directories.

# Implicit Rules

# No implicit rules.

# Files

all,:
#  Phony target (prerequisite of .PHONY).
#  Implicit rule search has not been done.
#  File does not exist.
#  File has not been updated.

all: build
#  Command-line target.
#  Implicit rule search has been done.
#  File does not exist.
#  File has been updated.
#  Needs to be updated (-q is set).
# variable set hash-table stats:
# Load=0/32=0%, Rehash=0, Collisions=0/2=0%

.PHONY: build build, all, wire, clean, run, set-docker-build-env, docker-build-push, devtron,
#  Implicit rule search has not been done.
#  Modification time never checked.
#  File has not been updated.

docker-build-image: build
#  Implicit rule search has not been done.
#  Modification time never checked.
#  File has not been updated.
#  commands to execute (from `Makefile', line 38):
	docker build -t devtron:$(TAG) .
	

set-docker-build-env,:
#  Phony target (prerequisite of .PHONY).
#  Implicit rule search has not been done.
#  File does not exist.
#  File has not been updated.

# Not a target:
.SUFFIXES:
#  Implicit rule search has not been done.
#  Modification time never checked.
#  File has not been updated.

# Not a target:
Makefile:
#  Implicit rule search has been done.
#  Last modified 2022-02-09 18:09:13
#  File has been updated.
#  Successfully updated.
# variable set hash-table stats:
# Load=0/32=0%, Rehash=0, Collisions=0/0=0%

docker-build-push,:
#  Phony target (prerequisite of .PHONY).
#  Implicit rule search has not been done.
#  File does not exist.
#  File has not been updated.

build,:
#  Phony target (prerequisite of .PHONY).
#  Implicit rule search has not been done.
#  File does not exist.
#  File has not been updated.

docker-build-push: docker-build-image
#  Implicit rule search has not been done.
#  Modification time never checked.
#  File has not been updated.
#  commands to execute (from `Makefile', line 42):
	docker tag devtron:${TAG}  ${REGISTRY}/devtron:${TAG}
	docker push ${REGISTRY}/devtron:${TAG}
	

build: clean wire
#  Phony target (prerequisite of .PHONY).
#  Implicit rule search has not been done.
#  File does not exist.
#  File has been updated.
#  Needs to be updated (-q is set).
# variable set hash-table stats:
 
# Load=0/32=0%, Rehash=0, Collisions=0/2=0%
#  commands to execute (from `Makefile', line 22):
	$(ENVVAR) GOOS=$(GOOS) go build -o devtron \
	-ldflags="-X 'github.com/devtron-labs/devtron/util.GitCommit=${GIT_COMMIT}' \
	-X 'github.com/devtron-labs/devtron/util.BuildTime=${BUILD_TIME}' \
	-X 'github.com/devtron-labs/devtron/util.ServerMode=${SERVER_MODE_FULL}'"
	

build-all: build
#  Implicit rule search has not been done.
#  Modification time never checked.
#  File has not been updated.
#  commands to execute (from `Makefile', line 48):
	make --directory ./cmd/external-app build
	

wire,:
#  Phony target (prerequisite of .PHONY).
#  Implicit rule search has not been done.
#  File does not exist.
#  File has not been updated.

wire:
#  Implicit rule search has not been done.
#  Modification time never checked.
#  File has not been updated.
#  commands to execute (from `Makefile', line 28):
	wire
	

# Not a target:
.DEFAULT:
#  Implicit rule search has not been done.
#  Modification time never checked.
#  File has not been updated.

run,:
#  Phony target (prerequisite of .PHONY).
#  Implicit rule search has not been done.
#  File does not exist.
#  File has not been updated.

clean,:
#  Phony target (prerequisite of .PHONY).
#  Implicit rule search has not been done.
#  File does not exist.
#  File has not been updated.

run: build
#  Implicit rule search has not been done.
#  Modification time never checked.
#  File has not been updated.
#  commands to execute (from `Makefile', line 34):
	./devtron
	

clean:
#  Implicit rule search has not been done.
#  Implicit/static pattern stem: `'
#  File does not exist.
#  File has been updated.
#  Needs to be updated (-q is set).
# automatic
# @ := clean
# automatic
# % := 
# automatic
# * := 
# automatic
# + := 
# automatic
# | := 
# automatic
# < := 
# automatic
# ^ := 
# automatic
# ? := 
# variable set hash-table stats:
# Load=8/32=25%, Rehash=0, Collisions=1/10=10%
#  commands to execute (from `Makefile', line 31):
	rm -f devtron
	

devtron,:
#  Phony target (prerequisite of .PHONY).
#  Implicit rule search has not been done.
#  File does not exist.
#  File has not been updated.

build-ea:
#  Implicit rule search has not been done.
#  Modification time never checked.
#  File has not been updated.
#  commands to execute (from `Makefile', line 51):
	make --directory ./cmd/external-app build
	

# Not a target:
scripts/dev-conf/envfile.env:
#  Implicit rule search has been done.
#  Last modified 2022-02-09 18:09:14
#  File has been updated.
#  Successfully updated.
# variable set hash-table stats:
# Load=0/32=0%, Rehash=0, Collisions=0/0=0%

# files hash-table stats:
# Load=22/1024=2%, Rehash=0, Collisions=0/54=0%
# VPATH Search Paths

# No `vpath' search paths.

# No general (`VPATH' variable) search path.

# # of strings in strcache: 2
# # of strcache buffers: 1
# strcache size: total = 4096 / max = 4096 / min = 4096 / avg = 4096
# strcache free: total = 4058 / max = 4058 / min = 4058 / avg = 4058

# Finished Make data base on Thu Feb 10 12:46:00 2022

 
